[    0.000000] Initializing cgroup subsys cpuset
[    0.000000] Initializing cgroup subsys cpu
[    0.000000] Initializing cgroup subsys cpuacct
[    0.000000] Linux version 4.4.0-135-generic (buildd@lcy01-amd64-020) (gcc version 5.4.0 20160609 (Ubuntu 5.4.0-6ubuntu1~16.04.10) ) #161-Ubuntu SMP Mon Aug 27 10:45:01 UTC 2018 (Ubuntu 4.4.0-135.161-generic 4.4.140)
[    0.000000] Command line: BOOT_IMAGE=/boot/vmlinuz-4.4.0-135-generic root=LABEL=cloudimg-rootfs ro console=tty1 console=ttyS0
[    0.000000] KERNEL supported cpus:
[    0.000000]   Intel GenuineIntel
[    0.000000]   AMD AuthenticAMD
[    0.000000]   Centaur CentaurHauls
[    0.000000] x86/fpu: xstate_offset[2]:  576, xstate_sizes[2]:  256
[    0.000000] x86/fpu: Supporting XSAVE feature 0x01: 'x87 floating point registers'
[    0.000000] x86/fpu: Supporting XSAVE feature 0x02: 'SSE registers'
[    0.000000] x86/fpu: Supporting XSAVE feature 0x04: 'AVX registers'
[    0.000000] x86/fpu: Enabled xstate features 0x7, context size is 832 bytes, using 'standard' format.
[    0.000000] e820: BIOS-provided physical RAM map:
[    0.000000] BIOS-e820: [mem 0x0000000000000000-0x000000000009fbff] usable
[    0.000000] BIOS-e820: [mem 0x000000000009fc00-0x000000000009ffff] reserved
[    0.000000] BIOS-e820: [mem 0x00000000000f0000-0x00000000000fffff] reserved
[    0.000000] BIOS-e820: [mem 0x0000000000100000-0x000000003ffeffff] usable
[    0.000000] BIOS-e820: [mem 0x000000003fff0000-0x000000003fffffff] ACPI data
[    0.000000] BIOS-e820: [mem 0x00000000fec00000-0x00000000fec00fff] reserved
[    0.000000] BIOS-e820: [mem 0x00000000fee00000-0x00000000fee00fff] reserved
[    0.000000] BIOS-e820: [mem 0x00000000fffc0000-0x00000000ffffffff] reserved
[    0.000000] NX (Execute Disable) protection: active
[    0.000000] SMBIOS 2.5 present.
[    0.000000] Hypervisor detected: KVM
[    0.000000] e820: last_pfn = 0x3fff0 max_arch_pfn = 0x400000000
[    0.000000] MTRR: Disabled
[    0.000000] x86/PAT: MTRRs disabled, skipping PAT initialization too.
[    0.000000] CPU MTRRs all blank - virtualized system.
[    0.000000] x86/PAT: Configuration [0-7]: WB  WT  UC- UC  WB  WT  UC- UC  
[    0.000000] found SMP MP-table at [mem 0x0009fff0-0x0009ffff] mapped at [ffff88000009fff0]
[    0.000000] Scanning 1 areas for low memory corruption
[    0.000000] RAMDISK: [mem 0x3630a000-0x3717cfff]
[    0.000000] ACPI: Early table checksum verification disabled
[    0.000000] ACPI: RSDP 0x00000000000E0000 000024 (v02 VBOX  )
[    0.000000] ACPI: XSDT 0x000000003FFF0030 00003C (v01 VBOX   VBOXXSDT 00000001 ASL  00000061)
[    0.000000] ACPI: FACP 0x000000003FFF00F0 0000F4 (v04 VBOX   VBOXFACP 00000001 ASL  00000061)
[    0.000000] ACPI: DSDT 0x000000003FFF0470 0021FF (v02 VBOX   VBOXBIOS 00000002 INTL 20180629)
[    0.000000] ACPI: FACS 0x000000003FFF0200 000040
[    0.000000] ACPI: FACS 0x000000003FFF0200 000040
[    0.000000] ACPI: APIC 0x000000003FFF0240 00005C (v02 VBOX   VBOXAPIC 00000001 ASL  00000061)
[    0.000000] ACPI: SSDT 0x000000003FFF02A0 0001CC (v01 VBOX   VBOXCPUT 00000002 INTL 20180629)
[    0.000000] No NUMA configuration found
[    0.000000] Faking a node at [mem 0x0000000000000000-0x000000003ffeffff]
[    0.000000] NODE_DATA(0) allocated [mem 0x3ffeb000-0x3ffeffff]
[    0.000000] kvm-clock: Using msrs 4b564d01 and 4b564d00
[    0.000000] kvm-clock: cpu 0, msr 0:3ffe3001, primary cpu clock
[    0.000000] kvm-clock: using sched offset of 3723796407 cycles
[    0.000000] clocksource: kvm-clock: mask: 0xffffffffffffffff max_cycles: 0x1cd42e4dffb, max_idle_ns: 881590591483 ns
[    0.000000] Zone ranges:
[    0.000000]   DMA      [mem 0x0000000000001000-0x0000000000ffffff]
[    0.000000]   DMA32    [mem 0x0000000001000000-0x000000003ffeffff]
[    0.000000]   Normal   empty
[    0.000000]   Device   empty
[    0.000000] Movable zone start for each node
[    0.000000] Early memory node ranges
[    0.000000]   node   0: [mem 0x0000000000001000-0x000000000009efff]
[    0.000000]   node   0: [mem 0x0000000000100000-0x000000003ffeffff]
[    0.000000] Initmem setup node 0 [mem 0x0000000000001000-0x000000003ffeffff]
[    0.000000] ACPI: PM-Timer IO Port: 0x4008
[    0.000000] IOAPIC[0]: apic_id 2, version 32, address 0xfec00000, GSI 0-23
[    0.000000] ACPI: INT_SRC_OVR (bus 0 bus_irq 0 global_irq 2 dfl dfl)
[    0.000000] ACPI: INT_SRC_OVR (bus 0 bus_irq 9 global_irq 9 low level)
[    0.000000] Using ACPI (MADT) for SMP configuration information
[    0.000000] smpboot: Allowing 2 CPUs, 0 hotplug CPUs
[    0.000000] PM: Registered nosave memory: [mem 0x00000000-0x00000fff]
[    0.000000] PM: Registered nosave memory: [mem 0x0009f000-0x0009ffff]
[    0.000000] PM: Registered nosave memory: [mem 0x000a0000-0x000effff]
[    0.000000] PM: Registered nosave memory: [mem 0x000f0000-0x000fffff]
[    0.000000] e820: [mem 0x40000000-0xfebfffff] available for PCI devices
[    0.000000] Booting paravirtualized kernel on KVM
[    0.000000] clocksource: refined-jiffies: mask: 0xffffffff max_cycles: 0xffffffff, max_idle_ns: 7645519600211568 ns
[    0.000000] setup_percpu: NR_CPUS:512 nr_cpumask_bits:512 nr_cpu_ids:2 nr_node_ids:1
[    0.000000] PERCPU: Embedded 34 pages/cpu @ffff88003fc00000 s99544 r8192 d31528 u1048576
[    0.000000] PV qspinlock hash table entries: 256 (order: 0, 4096 bytes)
[    0.000000] Built 1 zonelists in Node order, mobility grouping on.  Total pages: 257912
[    0.000000] Policy zone: DMA32
[    0.000000] Kernel command line: BOOT_IMAGE=/boot/vmlinuz-4.4.0-135-generic root=LABEL=cloudimg-rootfs ro console=tty1 console=ttyS0
[    0.000000] PID hash table entries: 4096 (order: 3, 32768 bytes)
[    0.000000] Memory: 997720K/1048120K available (8554K kernel code, 1314K rwdata, 4004K rodata, 1516K init, 1316K bss, 50400K reserved, 0K cma-reserved)
[    0.000000] SLUB: HWalign=64, Order=0-3, MinObjects=0, CPUs=2, Nodes=1
[    0.000000] Kernel/User page tables isolation: enabled
[    0.000000] Hierarchical RCU implementation.
[    0.000000] 	Build-time adjustment of leaf fanout to 64.
[    0.000000] 	RCU restricting CPUs from NR_CPUS=512 to nr_cpu_ids=2.
[    0.000000] RCU: Adjusting geometry for rcu_fanout_leaf=64, nr_cpu_ids=2
[    0.000000] NR_IRQS:33024 nr_irqs:440 16
[    0.000000] Console: colour VGA+ 80x25
[    0.000000] console [tty1] enabled
[    0.000000] console [ttyS0] enabled
[    0.000000] tsc: Detected 2399.998 MHz processor
[    0.146065] Calibrating delay loop (skipped) preset value.. 4799.99 BogoMIPS (lpj=9599992)
[    0.147872] pid_max: default: 32768 minimum: 301
[    0.148874] ACPI: Core revision 20150930
[    0.150776] ACPI: 2 ACPI AML tables successfully acquired and loaded
[    0.152200] Security Framework initialized
[    0.153116] Yama: becoming mindful.
[    0.153952] AppArmor: AppArmor initialized
[    0.154920] Dentry cache hash table entries: 131072 (order: 8, 1048576 bytes)
[    0.157118] Inode-cache hash table entries: 65536 (order: 7, 524288 bytes)
[    0.158649] Mount-cache hash table entries: 2048 (order: 2, 16384 bytes)
[    0.160045] Mountpoint-cache hash table entries: 2048 (order: 2, 16384 bytes)
[    0.161668] Initializing cgroup subsys io
[    0.162601] Initializing cgroup subsys memory
[    0.163542] Initializing cgroup subsys devices
[    0.164494] Initializing cgroup subsys freezer
[    0.165530] Initializing cgroup subsys net_cls
[    0.166500] Initializing cgroup subsys perf_event
[    0.167490] Initializing cgroup subsys net_prio
[    0.168454] Initializing cgroup subsys hugetlb
[    0.169506] Initializing cgroup subsys pids
[    0.172185] mce: CPU supports 0 MCE banks
[    0.174172] Last level iTLB entries: 4KB 64, 2MB 8, 4MB 8
[    0.175897] Last level dTLB entries: 4KB 64, 2MB 0, 4MB 0, 1GB 4
[    0.177153] Spectre V2 : Mitigation: Full generic retpoline
[    0.178281] Spectre V2 : Speculation control IBPB not-supported IBRS not-supported
[    0.179786] Spectre V2 : Filling RSB on context switch
[    0.181189] Speculative Store Bypass: Vulnerable
[    0.184658] Freeing SMP alternatives memory: 32K
[    0.193958] ftrace: allocating 32266 entries in 127 pages
[    0.251644] smpboot: APIC(0) Converting physical 0 to logical package 0
[    0.253113] smpboot: Max logical packages: 1
[    0.254302] x2apic enabled
[    0.255209] Switched APIC routing to physical x2apic.
[    0.257457] ..TIMER: vector=0x30 apic1=0 pin1=2 apic2=-1 pin2=-1
[    0.365357] smpboot: CPU0: Intel(R) Core(TM) i5-6200U CPU @ 2.30GHz (family: 0x6, model: 0x4e, stepping: 0x3)
[    0.367629] Performance Events: unsupported p6 CPU model 78 no PMU driver, software events only.
[    0.369718] KVM setup paravirtual spinlock
[    0.371326] x86: Booting SMP configuration:
[    0.372290] .... node  #0, CPUs:      #1
[    0.373248] kvm-clock: cpu 1, msr 0:3ffe3041, secondary cpu clock
[    0.407549] mce: CPU supports 0 MCE banks
[    0.410156] x86: Booted up 1 node, 2 CPUs
[    0.411207] smpboot: Total of 2 processors activated (9599.99 BogoMIPS)
[    0.412734] devtmpfs: initialized
[    0.415260] evm: security.selinux
[    0.415988] evm: security.SMACK64
[    0.416701] evm: security.SMACK64EXEC
[    0.417477] evm: security.SMACK64TRANSMUTE
[    0.418297] evm: security.SMACK64MMAP
[    0.419063] evm: security.ima
[    0.419732] evm: security.capability
[    0.420661] clocksource: jiffies: mask: 0xffffffff max_cycles: 0xffffffff, max_idle_ns: 7645041785100000 ns
[    0.422483] futex hash table entries: 512 (order: 3, 32768 bytes)
[    0.423695] pinctrl core: initialized pinctrl subsystem
[    0.424771] RTC time: 13:18:01, date: 09/27/18
[    0.425826] NET: Registered protocol family 16
[    0.437577] cpuidle: using governor ladder
[    0.453120] cpuidle: using governor menu
[    0.459288] PCCT header not found.
[    0.460091] ACPI: bus type PCI registered
[    0.460900] acpiphp: ACPI Hot Plug PCI Controller Driver version: 0.5
[    0.462167] PCI: Using configuration type 1 for base access
[    0.475170] ACPI: Added _OSI(Module Device)
[    0.476157] ACPI: Added _OSI(Processor Device)
[    0.477022] ACPI: Added _OSI(3.0 _SCP Extensions)
[    0.477943] ACPI: Added _OSI(Processor Aggregator Device)
[    0.479685] ACPI: Executed 1 blocks of module-level executable AML code
[    0.490040] ACPI: Interpreter enabled
[    0.496162] ACPI: (supports S0 S5)
[    0.496887] ACPI: Using IOAPIC for interrupt routing
[    0.497995] PCI: Using host bridge windows from ACPI; if necessary, use "pci=nocrs" and report a bug
[    0.503309] ACPI: PCI Root Bridge [PCI0] (domain 0000 [bus 00-ff])
[    0.506047] acpi PNP0A03:00: _OSC: OS supports [ASPM ClockPM Segments MSI]
[    0.507265] acpi PNP0A03:00: _OSC: not requesting OS control; OS requires [ExtendedConfig ASPM ClockPM MSI]
[    0.509065] acpi PNP0A03:00: fail to add MMCONFIG information, can't access extended PCI configuration space under this bridge.
[    0.511353] PCI host bridge to bus 0000:00
[    0.512181] pci_bus 0000:00: root bus resource [io  0x0000-0x0cf7 window]
[    0.513370] pci_bus 0000:00: root bus resource [io  0x0d00-0xffff window]
[    0.514563] pci_bus 0000:00: root bus resource [mem 0x000a0000-0x000bffff window]
[    0.516046] pci_bus 0000:00: root bus resource [mem 0x40000000-0xfdffffff window]
[    0.517533] pci_bus 0000:00: root bus resource [bus 00-ff]
[    0.520192] pci 0000:00:01.1: legacy IDE quirk: reg 0x10: [io  0x01f0-0x01f7]
[    0.521429] pci 0000:00:01.1: legacy IDE quirk: reg 0x14: [io  0x03f6]
[    0.522590] pci 0000:00:01.1: legacy IDE quirk: reg 0x18: [io  0x0170-0x0177]
[    0.523819] pci 0000:00:01.1: legacy IDE quirk: reg 0x1c: [io  0x0376]
[    0.542289] pci 0000:00:07.0: quirk: [io  0x4000-0x403f] claimed by PIIX4 ACPI
[    0.557787] pci 0000:00:07.0: quirk: [io  0x4100-0x410f] claimed by PIIX4 SMB
[    0.566111] ACPI: PCI Interrupt Link [LNKA] (IRQs 5 9 10 *11)
[    0.568014] ACPI: PCI Interrupt Link [LNKB] (IRQs 5 9 *10 11)
[    0.569789] ACPI: PCI Interrupt Link [LNKC] (IRQs 5 *9 10 11)
[    0.576794] ACPI: PCI Interrupt Link [LNKD] (IRQs 5 9 10 *11)
[    0.578563] ACPI: Enabled 2 GPEs in block 00 to 07
[    0.585564] vgaarb: setting as boot device: PCI:0000:00:02.0
[    0.590332] vgaarb: device added: PCI:0000:00:02.0,decodes=io+mem,owns=io+mem,locks=none
[    0.591907] vgaarb: loaded
[    0.592548] vgaarb: bridge control possible 0000:00:02.0
[    0.593896] SCSI subsystem initialized
[    0.594981] ACPI: bus type USB registered
[    0.595842] usbcore: registered new interface driver usbfs
[    0.596859] usbcore: registered new interface driver hub
[    0.597872] usbcore: registered new device driver usb
[    0.599592] PCI: Using ACPI for IRQ routing
[    0.601871] NetLabel: Initializing
[    0.602735] NetLabel:  domain hash size = 128
[    0.603588] NetLabel:  protocols = UNLABELED CIPSOv4
[    0.604537] NetLabel:  unlabeled traffic allowed by default
[    0.605775] amd_nb: Cannot enumerate AMD northbridges
[    0.606783] clocksource: Switched to clocksource kvm-clock
[    0.614501] AppArmor: AppArmor Filesystem Enabled
[    0.615545] pnp: PnP ACPI init
[    0.616983] pnp: PnP ACPI: found 3 devices
[    0.626360] clocksource: acpi_pm: mask: 0xffffff max_cycles: 0xffffff, max_idle_ns: 2085701024 ns
[    0.628104] NET: Registered protocol family 2
[    0.629141] TCP established hash table entries: 8192 (order: 4, 65536 bytes)
[    0.630403] TCP bind hash table entries: 8192 (order: 5, 131072 bytes)
[    0.631573] TCP: Hash tables configured (established 8192 bind 8192)
[    0.632721] UDP hash table entries: 512 (order: 2, 16384 bytes)
[    0.633789] UDP-Lite hash table entries: 512 (order: 2, 16384 bytes)
[    0.634943] NET: Registered protocol family 1
[    0.635833] pci 0000:00:00.0: Limiting direct PCI/PCI transfers
[    0.636914] pci 0000:00:01.0: Activating ISA DMA hang workarounds
[    0.638120] Unpacking initramfs...
[    0.870212] Freeing initrd memory: 14796K
[    0.872500] platform rtc_cmos: registered platform RTC device (no PNP device found)
[    0.874203] Scanning for low memory corruption every 60 seconds
[    0.875851] audit: initializing netlink subsys (disabled)
[    0.877028] audit: type=2000 audit(1538054286.767:1): initialized
[    0.878567] Initialise system trusted keyring
[    0.880887] HugeTLB registered 2 MB page size, pre-allocated 0 pages
[    0.884012] zbud: loaded
[    0.885100] VFS: Disk quotas dquot_6.6.0
[    0.886054] VFS: Dquot-cache hash table entries: 512 (order 0, 4096 bytes)
[    0.887737] squashfs: version 4.0 (2009/01/31) Phillip Lougher
[    0.889249] fuse init (API version 7.23)
[    0.890288] Key type big_key registered
[    0.891279] Allocating IMA MOK and blacklist keyrings.
[    0.893611] Key type asymmetric registered
[    0.894554] Asymmetric key parser 'x509' registered
[    0.895689] Block layer SCSI generic (bsg) driver version 0.4 loaded (major 249)
[    0.897464] io scheduler noop registered
[    0.898361] io scheduler deadline registered (default)
[    0.899572] io scheduler cfq registered
[    0.900544] pci_hotplug: PCI Hot Plug PCI Core version: 0.5
[    0.901690] pciehp: PCI Express Hot Plug Controller Driver version: 0.4
[    0.903217] ACPI: AC Adapter [AC] (on-line)
[    0.904210] input: Power Button as /devices/LNXSYSTM:00/LNXPWRBN:00/input/input0
[    0.905976] ACPI: Power Button [PWRF]
[    0.906919] input: Sleep Button as /devices/LNXSYSTM:00/LNXSLPBN:00/input/input1
[    0.908600] ACPI: Sleep Button [SLPF]
[    0.910345] ACPI: Battery Slot [BAT0] (battery present)
[    0.911526] GHES: HEST is not enabled!
[    0.912509] Serial: 8250/16550 driver, 32 ports, IRQ sharing enabled
[    0.936030] 00:02: ttyS0 at I/O 0x3f8 (irq = 4, base_baud = 115200) is a 16550A
[    0.938877] Linux agpgart interface v0.103
[    0.941888] loop: module loaded
[    0.943449] scsi host0: ata_piix
[    0.944480] scsi host1: ata_piix
[    0.945381] ata1: PATA max UDMA/33 cmd 0x1f0 ctl 0x3f6 bmdma 0xd000 irq 14
[    0.946787] ata2: PATA max UDMA/33 cmd 0x170 ctl 0x376 bmdma 0xd008 irq 15
[    0.960142] libphy: Fixed MDIO Bus: probed
[    0.961223] tun: Universal TUN/TAP device driver, 1.6
[    0.962190] tun: (C) 1999-2004 Max Krasnyansky <maxk@qualcomm.com>
[    0.963390] PPP generic driver version 2.4.2
[    0.964325] ehci_hcd: USB 2.0 'Enhanced' Host Controller (EHCI) Driver
[    0.990295] ehci-pci: EHCI PCI platform driver
[    0.991219] ehci-platform: EHCI generic platform driver
[    0.992219] ohci_hcd: USB 1.1 'Open' Host Controller (OHCI) Driver
[    0.993337] ohci-pci: OHCI PCI platform driver
[    0.994220] ohci-platform: OHCI generic platform driver
[    0.995229] uhci_hcd: USB Universal Host Controller Interface driver
[    0.996433] i8042: PNP: PS/2 Controller [PNP0303:PS2K,PNP0f03:PS2M] at 0x60,0x64 irq 1,12
[    0.998523] serio: i8042 KBD port at 0x60,0x64 irq 1
[    0.999513] serio: i8042 AUX port at 0x60,0x64 irq 12
[    1.000575] mousedev: PS/2 mouse device common for all mice
[    1.002061] input: AT Translated Set 2 keyboard as /devices/platform/i8042/serio0/input/input2
[    1.003818] rtc_cmos rtc_cmos: rtc core: registered rtc_cmos as rtc0
[    1.005175] rtc_cmos rtc_cmos: alarms up to one day, 114 bytes nvram
[    1.006489] i2c /dev entries driver
[    1.007392] device-mapper: uevent: version 1.0.3
[    1.008520] device-mapper: ioctl: 4.34.0-ioctl (2015-10-28) initialised: dm-devel@redhat.com
[    1.010417] ledtrig-cpu: registered to indicate activity on CPUs
[    1.012315] NET: Registered protocol family 10
[    1.013541] NET: Registered protocol family 17
[    1.014543] Key type dns_resolver registered
[    1.016294] registered taskstats version 1
[    1.017225] Loading compiled-in X.509 certificates
[    1.018877] Loaded X.509 cert 'Build time autogenerated kernel key: b7189ebc996fd79c52efc1226b6676b25e4f6a2d'
[    1.020958] zswap: loaded using pool lzo/zbud
[    1.023783] Key type trusted registered
[    1.027758] Key type encrypted registered
[    1.028694] AppArmor: AppArmor sha1 policy hashing enabled
[    1.029882] ima: No TPM chip found, activating TPM-bypass!
[    1.031049] ima: Allocated hash algorithm: sha1
[    1.032062] evm: HMAC attrs: 0x1
[    1.033178]   Magic number: 2:697:332
[    1.034044] tty tty53: hash matches
[    1.034994] rtc_cmos rtc_cmos: setting system clock to 2018-09-27 13:18:01 UTC (1538054281)
[    1.036979] BIOS EDD facility v0.16 2004-Jun-25, 0 devices found
[    1.038190] EDD information not available.
[    1.118477] Freeing unused kernel memory: 1516K
[    1.122098] Write protecting the kernel read-only data: 14336k
[    1.127852] Freeing unused kernel memory: 1672K
[    1.132003] Freeing unused kernel memory: 92K
Loading, please wait...
starting version 229
[    1.180643] random: systemd-udevd: uninitialized urandom read (16 bytes read, 3 bits of entropy available)
[    1.182099] random: udevadm: uninitialized urandom read (16 bytes read, 3 bits of entropy available)
[    1.182233] random: udevadm: uninitialized urandom read (16 bytes read, 3 bits of entropy available)
[    1.196994] random: udevadm: uninitialized urandom read (16 bytes read, 3 bits of entropy available)
[    1.197052] random: udevadm: uninitialized urandom read (16 bytes read, 3 bits of entropy available)
[    1.197315] random: udevadm: uninitialized urandom read (16 bytes read, 3 bits of entropy available)
[    1.197387] random: udevadm: uninitialized urandom read (16 bytes read, 3 bits of entropy available)
[    1.197469] random: udevadm: uninitialized urandom read (16 bytes read, 3 bits of entropy available)
[    1.197522] random: udevadm: uninitialized urandom read (16 bytes read, 3 bits of entropy available)
[    1.197574] random: udevadm: uninitialized urandom read (16 bytes read, 3 bits of entropy available)
[    1.249545] e1000: Intel(R) PRO/1000 Network Driver - version 7.3.21-k8-NAPI
[    1.251011] e1000: Copyright (c) 1999-2006 Intel Corporation.
[    1.254931] Fusion MPT base driver 3.04.20
[    1.255989] Copyright (c) 1999-2008 LSI Corporation
[    1.279681] Fusion MPT SPI Host driver 3.04.20
[    1.280861] AVX2 version of gcm_enc/dec engaged.
[    1.281777] AES CTR mode by8 optimization enabled
[    1.472283] input: ImExPS/2 Generic Explorer Mouse as /devices/platform/i8042/serio1/input/input4
[    1.631499] e1000 0000:00:03.0 eth0: (PCI:33MHz:32-bit) 02:fb:a8:4c:29:d0
[    1.632938] e1000 0000:00:03.0 eth0: Intel(R) PRO/1000 Network Connection
[    1.635180] mptbase: ioc0: Initiating bringup
[    1.635646] e1000 0000:00:03.0 enp0s3: renamed from eth0
[    1.699683] ioc0: LSI53C1030 A0: Capabilities={Initiator}
[    1.864962] scsi host2: ioc0: LSI53C1030 A0, FwRev=00000000h, Ports=1, MaxQ=256, IRQ=20
[    1.900732] tsc: Refined TSC clocksource calibration: 2398.832 MHz
[    1.912885] clocksource: tsc: mask: 0xffffffffffffffff max_cycles: 0x2293e822459, max_idle_ns: 440795214885 ns
[    2.251594] scsi 2:0:0:0: Direct-Access     VBOX     HARDDISK         1.0  PQ: 0 ANSI: 5
[    2.483068] scsi target2:0:0: Beginning Domain Validation
[    2.561474] scsi target2:0:0: Domain Validation skipping write tests
[    2.562656] scsi target2:0:0: Ending Domain Validation
[    2.563745] scsi target2:0:0: asynchronous
[    2.564993] scsi 2:0:1:0: Direct-Access     VBOX     HARDDISK         1.0  PQ: 0 ANSI: 5
[    2.568326] scsi target2:0:1: Beginning Domain Validation
[    2.571296] scsi target2:0:1: Domain Validation skipping write tests
[    2.573594] scsi target2:0:1: Ending Domain Validation
[    2.585334] scsi target2:0:1: asynchronous
[    2.592658] sd 2:0:0:0: [sda] 20971520 512-byte logical blocks: (10.7 GB/10.0 GiB)
[    2.594653] sd 2:0:0:0: [sda] Write Protect is off
[    2.595818] sd 2:0:0:0: Attached scsi generic sg0 type 0
[    2.597060] sd 2:0:0:0: [sda] Incomplete mode parameter data
[    2.598201] sd 2:0:0:0: [sda] Assuming drive cache: write through
[    2.601764] sd 2:0:1:0: [sdb] 20480 512-byte logical blocks: (10.5 MB/10.0 MiB)
[    2.609319] sd 2:0:1:0: Attached scsi generic sg1 type 0
[    2.610736] sd 2:0:1:0: [sdb] Write Protect is off
[    2.611921] sd 2:0:1:0: [sdb] Incomplete mode parameter data
[    2.613108] sd 2:0:1:0: [sdb] Assuming drive cache: write through
[    2.686571]  sda: sda1
[    2.690051] sd 2:0:0:0: [sda] Attached SCSI disk
[    2.712374] sd 2:0:1:0: [sdb] Attached SCSI disk
Begin: Loading e[    4.176302] md: linear personality registered for level -1
ssential drivers[    4.344265] md: multipath personality registered for level -4
 ... [    4.526159] md: raid0 personality registered for level 0
[    4.574657] md: raid1 personality registered for level 1
[    4.646808] raid6: sse2x1   gen()  9193 MB/s
[    4.714812] raid6: sse2x1   xor()  7081 MB/s
[    4.782811] raid6: sse2x2   gen() 11518 MB/s
[    4.850808] raid6: sse2x2   xor()  8120 MB/s
[    4.918867] raid6: sse2x4   gen() 13264 MB/s
[    4.986803] raid6: sse2x4   xor()  9082 MB/s
[    5.054807] raid6: avx2x1   gen() 19071 MB/s
[    5.122811] raid6: avx2x2   gen() 21642 MB/s
[    5.190814] raid6: avx2x4   gen() 19111 MB/s
[    5.203414] raid6: using algorithm avx2x2 gen() 21642 MB/s
[    5.204421] raid6: using avx2x2 recovery algorithm
[    5.206739] xor: automatically using best checksumming function:
[    5.259426]    avx       : 40932.000 MB/sec
[    5.291658] async_tx: api initialized (async)
[    5.300820] md: raid6 personality registered for level 6
[    5.449547] md: raid5 personality registered for level 5
[    5.565660] md: raid4 personality registered for level 4
[    5.572783] md: raid10 personality registered for level 10
done.
Begin: Running /scripts/init-premount ... done.
Begin: Mounting root file system ... Begin: Running /scripts/local-top ... done.
Begin: Running /scripts/local-premount ... [    5.602838] Btrfs loaded
Scanning for Btrfs filesystems
done.
Warning: fsck not present, so skipping root file system
[    5.633823] EXT4-fs (sda1): INFO: recovery required on readonly filesystem
[    5.635234] EXT4-fs (sda1): write access will be enabled during recovery
[    5.698629] EXT4-fs (sda1): recovery complete
[    5.712437] EXT4-fs (sda1): mounted filesystem with ordered data mode. Opts: (null)
done.
Begin: Running /scripts/local-bottom ... done.
Begin: Running /scripts/init-bottom ... done.
[    6.616826] random: nonblocking pool is initialized
[    6.681206] systemd[1]: systemd 229 running in system mode. (+PAM +AUDIT +SELINUX +IMA +APPARMOR +SMACK +SYSVINIT +UTMP +LIBCRYPTSETUP +GCRYPT +GNUTLS +ACL +XZ -LZ4 +SECCOMP +BLKID +ELFUTILS +KMOD -IDN)
[    6.702788] systemd[1]: Detected virtualization oracle.
[    6.704750] systemd[1]: Detected architecture x86-64.

Welcome to [1mUbuntu 16.04.5 LTS[0m!

[    6.754652] systemd[1]: Set hostname to <ubuntu-xenial>.
[  8011617] systemd[1]: Listening on Device-mapper event daemon FIFOs.
[[0;32m  OK  [0m] Listening on Device-mapper event daemon FIFOs.
[    8.112235] systemd[1]: Listening on udev Kernel Socket.
[[0;32m  OK  [0m] Listening on udev Kernel Socket.
[    8.114611] systemd[1]: Reached target Encrypted Volumes.
[[0;32m  OK  [0m] Reached target Encrypted Volumes.
[   29423] systemd[1]: Listening on udev Control Socket.
[[0;32m  OK  [0m] Listening on udev Control Socket.
[    8.429813] systemd[1]: Listening on LVM2 poll daemon socket.
[[0;32m  OK  [0m] Listening on LVM2 poll daemon socket.
[    8.432186] systemd[1]: Listening on Syslog Socket.
[[0;32m  OK  [0m] Listening on Syslog Socket.
[    8.435160] systemd[1]: Started Trigger resolvconf update for networkd DNS.
[[0;32m  OK  [0m] Started Trigger resolvconf update for networkd DNS.
[    8.438532] systemd[1]: Reached target Swap.
[[0;32m  OK  [0m] Reached target Swap.
[    8.869976] systemd[1]: Reached target User and Group Name Lookups.
[[0;32m  OK  [0m] Reached target User and Group Name Lookups.
[    8.883813] systemd[1]: Listening on Journal Socket (/dev/log).
[[0;32m  OK  [0m] Listening on Journal Socket (/dev/log).
[    8.894514] systemd[1]: Listening on Journal Socket.
[[0;32m  OK  [0m] Listening on Journal Socket.
[    8.902303] systemd[1]: Created slice User and Session Slice.
[[0;32m  OK  [0m] Created slice User and Session Slice.
[    8.915117] systemd[1]: Listenin oLV madata daemon socket.
[[0;32m  OK  [0m] Listening on LVM2 metadata daemon socket.
[    9.102653] systemd[1]: Listening on Journal Audit Socket.
[[0;32m  OK  [0m] Listening on Journal Audit Socket.
[    9.104958] systemd[1]: Listening on /dev/initctl Compatibility Named Pipe.
[[0;32m  OK  [0m] Listening on /dev/initctl Compatibility Named Pipe.
[    9.109052] systemd[1]: Started Forward Password Requests to Wall Directory Watch.
[[0;32m  OK  [0m] Started Forward Password Requests to Wall Directory Watch.
[    91122sytemd[1]: Set up automount Arbitrary Executable File Formats File System Automount Point.
[[0;32m  OK  [0m] Set up automount Arbitrary Executab...ats File System Automount Point.
[    9.269656] systemd[1]: Reached target System Time Synchronized.
[[0;32m  OK  [0m] Reached target System Time Synchronized.
[    9.272339] systemd[1]: Created slice System Slice.
[[0;32m  OK  [0m] Created slice System Slice.
[    9.287288] systemd[1]: Starting Set console keymap...
         Starting Set console keymap...
[    9.291292] systemd[1]: Mounting Debug File System...
         Mounting Debug File System...
[    9.293934] systemd[1]: Starting Uncomplicated firewall...
         Starting Uncomplicated firewall...
[    9.296710] systemd[1]: Mounting POSIX Message Queue File System...
         Mounting POSIX Message Queue File System...
[    9.459415] systemd[1]: Mounting Huge Pages File System...
         Mounting Huge Pages File System...
[    9.567067] systemd[1]: Starting Load Kernel Modules...
         Starting Load Kernel Modules...
[    9.593124] systemd[1]: Starting Remount Root and Kernel File Systems...
         Starting Remount Root and Kernel File Systems...
[    9.596292] systemd[1]: Starting Monitoring of LVM2 mirrors, snapshots etc. using dmeventd or progress polling...
         Starting Monitoring of LVM2 mirrors... dmeventd or progress polling...
[    9.601741] systemd[1]: Starting Create list of required static device nodes for the current kernel...
         Starting Create list of required st... nodes for the current kernel...
[    9.631981] systemd[1]: Created slice system-serial\x2dgetty.slice.
[[0;32m  OK  [0m] Created slice system-serial\x2dgetty.slice.
[    9.634432] systemd[1]: Reached target Slices.
[[0;32m  OK  [0m] Reached target Slices.
[    9.651745] systemd[1]: Starting Journal Service...
         Starting Journal Service...
[    9.654400] systemd[1]: Starting Nameserver information manager...
         Starting Nameserver information manager...
[    9.682710] systemd[1]: Mounted POSIX Message Queue File System.
[[0;32m  OK  [0m] Mounted POSIX Message Queue File System.
[    9.685114] systemd[1]: Mounted Debug File System.
[[0;32m  OK  [0m] Mounted Debug File System.
[    9.687127] systemd[1]: Mounted Huge Pages File System.
[    9.702526] EXT4-fs (sda1): re-mounted. Opts: (null)
[[0;32m  OK  [0m] Mounted Huge Pages File System.
[    9.706277] systemd[1]: Started Uncomplicated firewall.
[[0;32m  OK  [0m] Started Uncomplicated firewall.
[    9.709470] systemd[1]: Started Remount Root and Kernel File Systems.
[[0;32m  OK  [0m] Started Remount Root and Kernel File Systems.
[    9.712714] systemd[1]: Started Create list of required static device nodes for the current kernel.
[[0;32m  OK  [0m] Started Create list of required sta...ce nodes for the current kernel.
[    9.726869] systemd[1]: Started Set console keymap.
[[0;32m  OK  [0m] Started Set console keymap.
[    9.787215] systemd[1]: Starting Create Static Device Nodes in /dev...
         Starting Create Static Device Nodes in /dev...
[    9.791663] systemd[1]: Starting Load/Save Random Seed...
         Starting Load/Save Random Seed...
[    9.851563] Loading iSCSI transport class v2.0-870.
[    9.891299] systemd[1]: Starting udev Coldplug all Devices...
         Starting udev Coldplug all Devices...
[    9.975827] systemd[1]: Started Nameserver information manager.
[[0;32m  OK  [0m] Started Nameserver information manager.
[   10.019028] systemd[1]: Started Load/Save Random Seed.
[[0;32m  OK  [0m] Started Load/Save Random Seed.
[   10.034374] iscsi: registered transport (tcp)
[   10.043882] systemd[1]: Started udev Coldplug all Devices.
[[0;32m  OK  [0m] Started udev Coldplug all Devices.
[   10.047559] systemd[1]: Started Journal Service.
[[0;32m  OK  [0m] Started Journal Service.
         Starting Flush Journal to Persistent Storage...
[   10.180666] systemd-journald[401]: Received request to flush runtime journal from PID 1
[[0;32m  OK  [0m] Started LVM2 metadata daemon.
[[0;32m  OK  [0m] Started Flush Journal to Persistent Storage.
[   10.346576] iscsi: registered transport (iser)
[[0;32m  OK  [0m] Started Load Kernel Modules.
         Starting Apply Kernel Variables...
         Mounting FUSE Control File System...
[[0;32m  OK  [0m] Mounted FUSE Control File System.
[[0;32m  OK  [0m] Started Create Static Device Nodes in /dev.
         Starting udev Kernel Device Manager...
[[0;32m  OK  [0m] Started Apply Kernel Variables.
[[0;32m  OK  [0m] Started Monitoring of LVM2 mirrors,...ng dmeventd or progress polling.
[[0;32m  OK  [0m] Started udev Kernel Device Manager.
[[0;32m  OK  [0m] Started Dispatch Password Requests to Console Directory Watch.
[[0;32m  OK  [0m] Reached target Local File Systems (Pre).
[[0;32m  OK  [0m] Reached target Local File Systems.
         Starting Create Volatile Files and Directories...
         Starting Set console font and keymap...
         Starting Initial cloud-init job (pre-networking)...
         Starting LSB: AppArmor initialization...
         Starting Tell Plymouth To Write Out Runtime Data...
[[0;32m  OK  [0m] Started Tell Plymouth To Write Out Runtime Data.
[[0;32m  OK  [0m] Found device /dev/ttyS0.
[[0;32m  OK  [0m] Started Create Volatile Files and Directories.
         Starting Update UTMP about System Boot/Shutdown...
[[0;32m  OK  [0m] Listening on Load/Save RF Kill Switch Status /dev/rfkill Watch.
[[0;32m  OK  [0m] Started Update UTMP about System Boot/Shutdown.
[[0;32m  OK  [0m] Found device 82540EM Gigabit Ethern...r (PRO/1000 MT Desktop Adapter).
[[0;32m  OK  [0m] Started Set console font and keymap.
[[0;32m  OK  [0m] Created slice system-getty.slice.
[[0;32m  OK  [0m] Started LSB: AppArmor initialization.
[   17.640733] cloud-init[491]: Cloud-init v. 18.3-9-g2e62cb8a-0ubuntu1~16.04.2 running 'init-local' at Thu, 27 Sep 2018 13:18:17 +0000. Up 16.92 seconds.
[[0;32m  OK  [0m] Started Initial cloud-init job (pre-networking).
[[0;32m  OK  [0m] Reached target Network (Pre).
         Starting Raise network interfaces...
[[0;32m  OK  [0m] Started ifup for enp0s3.
[[0;32m  OK  [0m] Started Raise network interfaces.
[[0;32m  OK  [0m] Reached target Network.
         Starting Initial cloud-init job (metadata service crawler)...
[   19.316835] cloud-init[970]: Cloud-init v. 18.3-9-g2e62cb8a-0ubuntu1~16.04.2 running 'init' at Thu, 27 Sep 2018 13:18:19 +0000. Up 18.37 seconds.
[   19.322312] cloud-init[970]: ci-info: ++++++++++++++++++++++++++++++++++++++Net device info++++++++++++++++++++++++++++++++++++++
[   19.332221] cloud-init[970]: ci-info: +--------+------+----------------------------+---------------+--------+-------------------+
[   19.334518] cloud-init[970]: ci-info: | Device |  Up  |          Address           |      Mask     | Scope  |     Hw-Address    |
[   19.337617] cloud-init[970]: ci-info: +--------+------+----------------------------+---------------+--------+-------------------+
[   19.339891] cloud-init[970]: ci-info: | enp0s3 | True |         10.0.2.15          | 255.255.255.0 | global | 02:fb:a8:4c:29:d0 |
[   19.342163] cloud-init[970]: ci-info: | enp0s3 | True | fe80::fb:a8ff:fe4c:29d0/64 |       .       |  link  | 02:fb:a8:4c:29:d0 |
[   19.344389] cloud-init[970]: ci-info: |   lo   | True |         127.0.0.1          |   255.0.0.0   |  host  |         .         |
[   19.346520] cloud-init[970]: ci-info: |   lo   | True |          ::1/128           |       .       |  host  |         .         |
[   19.352018] cloud-init[970]: ci-info: +--------+------+----------------------------+---------------+--------+-------------------+
[   19.357547] cloud-init[970]: [[0;32m  OK  [0m] Started Initial cloud-init job (metadata service crawler).
[[0;32m  OK  [0m] Reached target Network is Online.
ci-info: +++++++++++++++++++++++++++Route IPv4 info++++++++++++++++++++++++++++
[   19.361802] cloud-init[970]: ci-info: +-------+-------------+----------+---------------+-----------+-------+
[   19.363582] cloud-init[970]: ci-info: | Route | Destination | Gateway  |    Genmask    | Interface | Flags |
[   19.365339] cloud-init[970]: ci-info: +-------+-------------+----------+---------------+-----------+-------+
[   19.367057] cloud-init[970]: ci-info: |   0   |   0.0.0.0   | 10.0.2.2 |    0.0.0.0    |   enp0s3  |   UG  |         Starting iSCSI initiator daemon (iscsid)...
[[0;32m  OK  [0m] Reached target System Initialization.
         
Starting Socket activation for snappy daemon.[   19.371018] cloud-init[970]: ci-info: |   1   |   10.0.2.0  | 0.0.0.0  | 255.255.255.0 |   enp0s3  |   U   |
[   19.371607] cloud-init[970]: ci-info: +-------+-------------+----------+---------------+-----------+-------+
[   19.371773] cloud-init[970]: ci-info: +++++++++++++++++++Route IPv6 info+++++++++++++++++++
[   19.371951] cloud-init[970]: ci-info: +-------+-------------+---------+-----------+-------+
[   19.372302] cloud-init[970]: ci-info: | Route | Destination | Gateway | Interface | Flags |
[   19.372473] cloud-init[970]: ci-info: +-------+-------------+---------+-----------+-------+
[   19.372644] cloud-init[970]: ci-info: |   0   |  fe80::/64  |    ::   |   enp0s3  |   U   |
[   19.372824] cloud-init[970]: ci-info: |   3   |   ff00::/8  |    ::   |   enp0s3  |   U   |
[   19.372991] cloud-init[970]: ci-info: +-------+-------------+---------+-----------+-------+

[[0;32m  OK  [0m] Started Daily Cleanup of Temporary Directories.
[[0;32m  OK  [0m] Listening on ACPID Listen Socket.
         Starting LXD - unix socket.
[[0;32m  OK  [0m] Listening on UUID daemon activation socket.
[[0;32m  OK  [0m] Listening on D-Bus System Message Bus Socket.
[[0;32m  OK  [0m] Started ACPI Events Check.
[[0;32m  OK  [0m] Reached target Paths.
[[0;32m  OK  [0m] Started Daily apt download activities.
[[0;32m  OK  [0m] Started Daily apt upgrade and clean activities.
[[0;32m  OK  [0m] Reached target Timers.
[[0;32m  OK  [0m] Reached target Cloud-config availability.
[[0;32m  OK  [0m] Listening on Socket activation for snappy daemon.
[[0;32m  OK  [0m] Listening on LXD - unix socket.
[[0;32m  OK  [0m] Reached target Sockets.
[[0;32m  OK  [0m] Reached target Basic System.
         Starting Virtualbox guest utils...
[[0;32m  OK  [0m] Started ACPI event daemon.
         Starting System Logging Service...
         Starting Login Service...
[[0;32m  OK  [0m] Started Regular background program processing daemon.
[[0;32m  OK  [0m] Started FUSE filesystem for LXC.
         Starting LSB: Record successful boot for GRUB...
         Starting Accounts Service...
         Starting LSB: MD monitoring daemon...
[[0;32m  OK  [0m] Started D-Bus System Message Bus.
[[0;32m  OK  [0m] Started Deferred execution scheduler.
         Starting /etc/rc.local Compatibility...
         Starting OpenBSD Secure Shell server...
[[0;32m  OK  [0m] Started Unattended Upgrades Shutdown.
         Starting LXD - container startup/shutdown...
         Starting Snappy daemon...
[[0;32m  OK  [0m] Started System Logging Service.
[[0;32m  OK  [0m] Started iSCSI initiator daemon (iscsid).
[[0;32m  OK  [0m] Started /etc/rc.local Compatibility.
[[0;32m  OK  [0m] Started Login Service.
         Starting Authenticate and Authorize Users to Run Privileged Tasks...
         Starting Login to default iSCSI targets...
[[0;32m  OK  [0m] Started LSB: Record successful boot for GRUB.
[[0;32m  OK  [0m] Started LSB: MD monitoring daemon.
[[0;32m  OK  [0m] Started Login to default iSCSI targets.
[[0;32m  OK  [0m] Reached target Remote File Systems (Pre).
[[0;32m  OK  [0m] Reached target Remote File Systems.
         Starting LSB: automatic crash report generation...
         Starting Permit User Sessions...
         Starting LSB: Set the CPU Frequency Scaling governor to "ondemand"...
         Starting LSB: daemon to balance interrupts for SMP systems...
[[0;32m  OK  [0m] Started Permit User Sessions.
         Starting Terminate Plymouth Boot Screen...
         Starting Hold until boot process finishes up...
[[0;32m  OK  [0m] Started LSB: Set the CPU Frequency Scaling governor to "ondemand".
[[0;32m  OK  [0m] Started Terminate Plymouth Boot Screen.
[[0;32m  OK  [0m] Started Hold until boot process finishes up.
         Starting Set console scheme...
[[0;32m  OK  [0m] Started Serial Getty on ttyS0.
[[0;32m  OK  [0m] Started Getty on tty1.
[[0;32m  OK  [0m] Reached target Login Prompts.
[[0;32m  OK  [0m] Started Set console scheme.
[[0;32m  OK  [0m] Started Authenticate and Authorize Users to Run Privileged Tasks.
[[0;32m  OK  [0m] Started Accounts Service.
[[0;32m  OK  [0m] Started LSB: daemon to balance interrupts for SMP systems.
[[0;32m  OK  [0m] Started Virtualbox guest utils.
[[0;32m  OK  [0m] Started LSB: automatic crash report generation.
[[0;32m  OK  [0m] Started OpenBSD Secure Shell server.
[[0;32m  OK  [0m] Started LXD - container startup/shutdown.
[[0;32m  OK  [0m] Started Snappy daemon.
         Starting Wait until snapd is fully seeded...
[[0;32m  OK  [0m] Started Wait until snapd is fully seeded.
         Starting Apply the settings specified in cloud-config...
[[0;32m  OK  [0m] Reached target Multi-User System.
[[0;32m  OK  [0m] Reached target Graphical Interface.
         Starting Update UTMP about System Runlevel Changes...
[[0;32m  OK  [0m] Started Update UTMP about System Runlevel Changes.
[   24.359719] cloud-init[1199]: Cloud-init v. 18.3-9-g2e62cb8a-0ubuntu1~16.04.2 running 'modules:config' at Thu, 27 Sep 2018 13:18:24 +0000. Up 24.08 seconds.
[[0;32m  OK  [0m] Started Apply the settings specified in cloud-config.
         Starting Execute cloud user/final scripts...
[   24.819395] cloud-init[1212]: Cloud-init v. 18.3-9-g2e62cb8a-0ubuntu1~16.04.2 running 'modules:final' at Thu, 27 Sep 2018 13:18:25 +0000. Up 24.66 seconds.
[   24.821814] cloud-init[1212]: Cloud-init v. 18.3-9-g2e62cb8a-0ubuntu1~16.04.2 finished at Thu, 27 Sep 2018 13:18:25 +0000. Datasource DataSourceNoCloud [seed=/dev/sdb][dsmode=net].  Up 24.81 seconds
[[0;32m  OK  [0m] Started Execute cloud user/final scripts.
         Starting Daily apt download activities...
[[0;32m  OK  [0m] Reached target Cloud-init target.

Ubuntu 16.04.5 LTS ubuntu-xenial ttyS0

ubuntu-xenial login: 